<?xml version="1.0" encoding="UTF-8"?>
<!-- Generated by org.testng.reporters.JUnitReportReporter -->
<testsuite skipped="0" hostname="DESKTOP-5TPI0ON" name="DevOPS.devOPS.VProfile_TestSuite" tests="2" failures="0" timestamp="01 Oct 2020 19:33:16 GMT" time="36.593" errors="0">
  <testcase name="logintest" time="14.345" classname="DevOPS.devOPS.VProfile_TestSuite"/>
  <testcase name="Homepageverification" time="22.248" classname="DevOPS.devOPS.VProfile_TestSuite"/>
</testsuite> <!-- DevOPS.devOPS.VProfile_TestSuite -->
